2017-10-17 14:21:40,057 INFO    : 731769168@qq.com
2017-10-17 14:24:50,679 INFO    : 731769168@qq.com
2017-10-17 14:26:21,009 INFO    : 731769168@qq.com
2017-10-17 14:26:22,938 INFO    : 731769168@qq.com
2017-10-17 14:26:48,787 INFO    : 731769168@qq.com
2017-10-17 14:26:55,867 INFO    : 731769168@qq.com
2017-10-17 14:28:36,080 INFO    : 731769168@qq.com
2017-10-17 14:28:36,080 INFO    : lala
2017-10-17 14:29:19,631 INFO    : 731769168@qq.com
2017-10-17 14:29:19,631 INFO    : lala
2017-10-17 14:30:42,961 INFO    : 731769168@qq.com
2017-10-17 14:30:42,962 INFO    : lala
2017-10-17 14:30:44,584 INFO    : 731769168@qq.com
2017-10-17 14:30:44,584 INFO    : lala
2017-10-17 14:38:48,950 INFO    : 731769168@qq.com
2017-10-17 14:38:48,950 INFO    : lala
2017-10-17 14:39:00,741 INFO    : 731769168@qq.com
2017-10-17 14:39:00,741 INFO    : lala
2017-10-17 14:47:51,002 INFO    : 731769168@qq.com
2017-10-17 14:47:51,003 INFO    : lala
2017-10-17 14:47:51,004 INFO    : 731769168@qq.com
2017-10-17 14:47:51,004 INFO    : lala
2017-10-17 14:47:51,457 INFO    : ha
2017-10-17 14:47:51,591 INFO    : ha
2017-10-17 14:48:02,802 INFO    : 731769168@qq.com
2017-10-17 14:48:02,802 INFO    : lala
2017-10-17 14:48:03,353 INFO    : ha
2017-10-17 14:53:32,793 INFO    : 731769168@qq.com
2017-10-17 14:53:58,986 INFO    : 731769168@qq.com
2017-10-17 15:02:26,031 INFO    : 731769168@qq.com
2017-10-17 15:03:31,713 INFO    : 731769168@qq.com
2017-10-17 15:06:03,749 INFO    : 731769168@qq.com
2017-10-17 15:07:28,542 INFO    : 731769168@qq.com
2017-10-17 15:11:49,366 INFO    : 731769168@qq.com
2017-10-17 15:11:55,367 INFO    : aha
2017-10-17 15:15:03,794 INFO    : 731769168@qq.com
2017-10-17 15:16:51,189 INFO    : 731769168@qq.com
2017-10-17 15:18:58,309 INFO    : thisemail731769168@qq.com
2017-10-17 15:18:58,309 INFO    : ha
2017-10-17 15:18:58,310 INFO    : 123456
2017-10-17 15:19:11,887 INFO    : thisemail731769168@qq.com
2017-10-17 15:19:11,887 INFO    : ha
2017-10-17 15:19:11,887 INFO    : 123456
2017-10-17 15:19:14,703 INFO    : thisemail731769168@qq.com
2017-10-17 15:19:14,703 INFO    : ha
2017-10-17 15:19:14,703 INFO    : 123456
2017-10-17 15:19:24,462 INFO    : thisemail731769168@qq.com
2017-10-17 15:19:24,463 INFO    : ha
2017-10-17 15:19:24,463 INFO    : 123456
2017-10-17 15:20:40,254 INFO    : thisemail731769168@qq.com
2017-10-17 15:20:40,254 INFO    : ha
2017-10-17 15:20:40,254 INFO    : 123456
2017-10-17 15:20:40,254 INFO    : 731769168@qq.comha123456123456
2017-10-17 15:20:40,258 INFO    : thisemail731769168@qq.com
2017-10-17 15:20:40,258 INFO    : ha
2017-10-17 15:20:40,258 INFO    : 123456
2017-10-17 15:20:40,258 INFO    : 731769168@qq.comha123456123456
2017-10-17 15:21:16,709 INFO    : thisemail731769168@qq.com
2017-10-17 15:21:16,710 INFO    : ha
2017-10-17 15:21:16,710 INFO    : 123456
2017-10-17 15:21:16,710 INFO    : 731769168@qq.comha123456123456
2017-10-17 15:21:34,053 INFO    : 731769168@qq.com
2017-10-17 15:24:29,168 INFO    : 731769168@qq.com
